Using pre-set license
Built from '2020.3/staging' branch; Version is '2020.3.26f1 (7298b473bc1a) revision 7510196'; Using compiler version '192528614'; Build Type 'Release'
OS: 'Windows 11  (10.0.22621) 64bit Professional' Language: 'en' Physical Memory: 16165 MB
BatchMode: 1, IsHumanControllingUs: 0, StartBugReporterOnCrash: 0, Is64bit: 1, IsPro: 0

COMMAND LINE ARGUMENTS:
C:\Program Files\Unity\Hub\Editor\2020.3.26f1\Editor\Unity.exe
-adb2
-batchMode
-noUpm
-name
AssetImportWorker0
-projectPath
C:/Users/theja/OneDrive/Desktop/Champlain College St-Lambert/Champlain Winter 2022/Unity_Game_Dev/FinalProject_UnityDev/GameDev_FinalProject
-logFile
Logs/AssetImportWorker0.log
-srvPort
65515
Successfully changed project path to: C:/Users/theja/OneDrive/Desktop/Champlain College St-Lambert/Champlain Winter 2022/Unity_Game_Dev/FinalProject_UnityDev/GameDev_FinalProject
C:/Users/theja/OneDrive/Desktop/Champlain College St-Lambert/Champlain Winter 2022/Unity_Game_Dev/FinalProject_UnityDev/GameDev_FinalProject
Using Asset Import Pipeline V2.
Refreshing native plugins compatible for Editor in 82.47 ms, found 3 plugins.
Preloading 0 native plugins for Editor in 0.00 ms.
Initialize engine version: 2020.3.26f1 (7298b473bc1a)
[Subsystems] Discovering subsystems at path C:/Program Files/Unity/Hub/Editor/2020.3.26f1/Editor/Data/Resources/UnitySubsystems
[Subsystems] Discovering subsystems at path C:/Users/theja/OneDrive/Desktop/Champlain College St-Lambert/Champlain Winter 2022/Unity_Game_Dev/FinalProject_UnityDev/GameDev_FinalProject/Assets
GfxDevice: creating device client; threaded=0
Direct3D:
    Version:  Direct3D 11.0 [level 11.1]
    Renderer: Intel(R) Iris(R) Plus Graphics (ID=0x8a52)
    Vendor:   
    VRAM:     8082 MB
    Driver:   27.20.100.9316
Initialize mono
Mono path[0] = 'C:/Program Files/Unity/Hub/Editor/2020.3.26f1/Editor/Data/Managed'
Mono path[1] = 'C:/Program Files/Unity/Hub/Editor/2020.3.26f1/Editor/Data/MonoBleedingEdge/lib/mono/unityjit'
Mono config path = 'C:/Program Files/Unity/Hub/Editor/2020.3.26f1/Editor/Data/MonoBleedingEdge/etc'
Using monoOptions --debugger-agent=transport=dt_socket,embedding=1,server=y,suspend=n,address=127.0.0.1:56608
Begin MonoManager ReloadAssembly
Registering precompiled unity dll's ...
Register platform support module: C:/Program Files/Unity/Hub/Editor/2020.3.26f1/Editor/Data/PlaybackEngines/WindowsStandaloneSupport/UnityEditor.WindowsStandalone.Extensions.dll
Registered in 0.004036 seconds.
Native extension for WindowsStandalone target not found
Refreshing native plugins compatible for Editor in 77.98 ms, found 3 plugins.
Preloading 0 native plugins for Editor in 0.00 ms.
Mono: successfully reloaded assembly
- Completed reload, in  0.694 seconds
Domain Reload Profiling:
	ReloadAssembly (694ms)
		BeginReloadAssembly (69ms)
			ExecutionOrderSort (0ms)
			DisableScriptedObjects (0ms)
			BackupInstance (0ms)
			ReleaseScriptingObjects (0ms)
			CreateAndSetChildDomain (1ms)
		EndReloadAssembly (518ms)
			LoadAssemblies (66ms)
			RebuildTransferFunctionScriptingTraits (0ms)
			SetupTypeCache (163ms)
			ReleaseScriptCaches (0ms)
			RebuildScriptCaches (31ms)
			SetupLoadedEditorAssemblies (222ms)
				LogAssemblyErrors (0ms)
				InitializePlatformSupportModulesInManaged (4ms)
				SetLoadedEditorAssemblies (0ms)
				RefreshPlugins (78ms)
				BeforeProcessingInitializeOnLoad (17ms)
				ProcessInitializeOnLoadAttributes (93ms)
				ProcessInitializeOnLoadMethodAttributes (29ms)
				AfterProcessingInitializeOnLoad (0ms)
				EditorAssembliesLoaded (0ms)
			ExecutionOrderSort2 (0ms)
			AwakeInstancesAfterBackupRestoration (0ms)
Platform modules already initialized, skipping
Registering precompiled user dll's ...
Registered in 0.005071 seconds.
Begin MonoManager ReloadAssembly
Native extension for WindowsStandalone target not found
Refreshing native plugins compatible for Editor in 70.96 ms, found 3 plugins.
Preloading 0 native plugins for Editor in 0.00 ms.
Mono: successfully reloaded assembly
- Completed reload, in  1.368 seconds
Domain Reload Profiling:
	ReloadAssembly (1369ms)
		BeginReloadAssembly (155ms)
			ExecutionOrderSort (0ms)
			DisableScriptedObjects (5ms)
			BackupInstance (0ms)
			ReleaseScriptingObjects (0ms)
			CreateAndSetChildDomain (18ms)
		EndReloadAssembly (1145ms)
			LoadAssemblies (106ms)
			RebuildTransferFunctionScriptingTraits (0ms)
			SetupTypeCache (381ms)
			ReleaseScriptCaches (0ms)
			RebuildScriptCaches (46ms)
			SetupLoadedEditorAssemblies (476ms)
				LogAssemblyErrors (0ms)
				InitializePlatformSupportModulesInManaged (4ms)
				SetLoadedEditorAssemblies (0ms)
				RefreshPlugins (71ms)
				BeforeProcessingInitializeOnLoad (116ms)
				ProcessInitializeOnLoadAttributes (251ms)
				ProcessInitializeOnLoadMethodAttributes (24ms)
				AfterProcessingInitializeOnLoad (10ms)
				EditorAssembliesLoaded (0ms)
			ExecutionOrderSort2 (0ms)
			AwakeInstancesAfterBackupRestoration (10ms)
Platform modules already initialized, skipping
========================================================================
Worker process is ready to serve import requests
Launched and connected shader compiler UnityShaderCompiler.exe after 0.09 seconds
Refreshing native plugins compatible for Editor in 0.55 ms, found 3 plugins.
Preloading 0 native plugins for Editor in 0.00 ms.
Unloading 2242 Unused Serialized files (Serialized files now loaded: 0)
System memory in use before: 102.1 MB.
System memory in use after: 102.2 MB.

Unloading 25 unused Assets to reduce memory usage. Loaded Objects now: 2681.
Total: 2.933700 ms (FindLiveObjects: 0.148200 ms CreateObjectMapping: 0.063800 ms MarkObjects: 2.648200 ms  DeleteObjects: 0.072300 ms)

AssetImportParameters requested are different than current active one (requested -> active):
  custom:framework-win-MediaFoundation: 216162199b28c13a410421893ffa2e32 -> 
  custom:video-decoder-ogg-theora: a1e56fd34408186e4bbccfd4996cb3dc -> 
  custom:container-muxer-webm: aa71ff27fc2769a1b78a27578f13a17b -> 
  custom:container-demuxer-webm: 4f35f7cbe854078d1ac9338744f61a02 -> 
  custom:container-demuxer-ogg: 62fdf1f143b41e24485cea50d1cbac27 -> 
  custom:video-encoder-webm-vp8: eb34c28f22e8b96e1ab97ce403110664 -> 
  custom:video-codec-MediaFoundation-h265: 746d11721c4dcdbdad8f713fa42b33f4 -> 
  custom:video-decoder-webm-vp8: 9c59270c3fd7afecdb556c50c9e8de78 -> 
  custom:audio-decoder-ogg-vorbis: bf7c407c2cedff20999df2af8eb42d56 -> 
  custom:audio-encoder-webm-vorbis: bf7c407c2cedff20999df2af8eb42d56 -> 
========================================================================
Received Import Request.
  path: Assets/TextMesh Pro/Resources/Fonts & Materials/LiberationSans SDF - Outline.mat
  artifactKey: Guid(79459efec17a4d00a321bdcc27bbc385) Importer(815301076,1909f56bfc062723c751e8b465ee728b)
Start importing Assets/TextMesh Pro/Resources/Fonts & Materials/LiberationSans SDF - Outline.mat using Guid(79459efec17a4d00a321bdcc27bbc385) Importer(815301076,1909f56bfc062723c751e8b465ee728b)  -> (artifact id: '289988fcecf3b00d1602f8d2b589f7dd') in 0.191029 seconds 
  Import took 0.194964 seconds .

========================================================================
Received Import Request.
  Time since last request: 0.000297 seconds.
  path: Assets/TextMesh Pro/Resources/Fonts & Materials/LiberationSans SDF - Fallback.asset
  artifactKey: Guid(2e498d1c8094910479dc3e1b768306a4) Importer(815301076,1909f56bfc062723c751e8b465ee728b)
Start importing Assets/TextMesh Pro/Resources/Fonts & Materials/LiberationSans SDF - Fallback.asset using Guid(2e498d1c8094910479dc3e1b768306a4) Importer(815301076,1909f56bfc062723c751e8b465ee728b)  -> (artifact id: 'b8c2210586957436df79bf961aeff06e') in 0.059957 seconds 
  Import took 0.064632 seconds .

========================================================================
Received Import Request.
  Time since last request: 0.000294 seconds.
  path: Assets/Lvl1/Scenes/SceneLvl1-DESKTOP-9VCF7CV.unity
  artifactKey: Guid(4a9740912190b514db2846181bbb330c) Importer(815301076,1909f56bfc062723c751e8b465ee728b)
Start importing Assets/Lvl1/Scenes/SceneLvl1-DESKTOP-9VCF7CV.unity using Guid(4a9740912190b514db2846181bbb330c) Importer(815301076,1909f56bfc062723c751e8b465ee728b)  -> (artifact id: '28e4f10514a8caec267c9b614b64e9c9') in 0.013649 seconds 
  Import took 0.018452 seconds .

========================================================================
Received Import Request.
  Time since last request: 0.000298 seconds.
  path: Assets/TextMesh Pro/Fonts/LiberationSans.ttf
  artifactKey: Guid(e3265ab4bf004d28a9537516768c1c75) Importer(815301076,1909f56bfc062723c751e8b465ee728b)
Start importing Assets/TextMesh Pro/Fonts/LiberationSans.ttf using Guid(e3265ab4bf004d28a9537516768c1c75) Importer(815301076,1909f56bfc062723c751e8b465ee728b)  -> (artifact id: 'bdddd331c3f1b7826858a8d92db67e39') in 0.043531 seconds 
  Import took 0.049524 seconds .

========================================================================
Received Import Request.
  Time since last request: 0.000345 seconds.
  path: Assets/TextMesh Pro/Resources/Fonts & Materials/LiberationSans SDF - Drop Shadow.mat
  artifactKey: Guid(e73a58f6e2794ae7b1b7e50b7fb811b0) Importer(815301076,1909f56bfc062723c751e8b465ee728b)
Start importing Assets/TextMesh Pro/Resources/Fonts & Materials/LiberationSans SDF - Drop Shadow.mat using Guid(e73a58f6e2794ae7b1b7e50b7fb811b0) Importer(815301076,1909f56bfc062723c751e8b465ee728b)  -> (artifact id: 'ca0d2861f60500f05bd29199894f7bb5') in 0.093770 seconds 
  Import took 0.098482 seconds .

========================================================================
Received Import Request.
  Time since last request: 0.000354 seconds.
  path: Assets/TextMesh Pro/Resources/Fonts & Materials/LiberationSans SDF.asset
  artifactKey: Guid(8f586378b4e144a9851e7b34d9b748ee) Importer(815301076,1909f56bfc062723c751e8b465ee728b)
Start importing Assets/TextMesh Pro/Resources/Fonts & Materials/LiberationSans SDF.asset using Guid(8f586378b4e144a9851e7b34d9b748ee) Importer(815301076,1909f56bfc062723c751e8b465ee728b)  -> (artifact id: 'f1280cc7be10b532b2897fc8654f95d3') in 0.070495 seconds 
  Import took 0.076075 seconds .

========================================================================
Received Import Request.
  Time since last request: 395.837961 seconds.
  path: Assets/Lvl4/MountainBackgroundImages/Mount pack/Prefabs/Button Big.prefab
  artifactKey: Guid(9d63b38ff28c36342947f6f630050163) Importer(815301076,1909f56bfc062723c751e8b465ee728b)
Start importing Assets/Lvl4/MountainBackgroundImages/Mount pack/Prefabs/Button Big.prefab using Guid(9d63b38ff28c36342947f6f630050163) Importer(815301076,1909f56bfc062723c751e8b465ee728b)  -> (artifact id: '73f43f425cdcf4f1870959200e21c6e8') in 0.070998 seconds 
  Import took 0.078716 seconds .

========================================================================
Received Import Request.
  Time since last request: 0.000428 seconds.
  path: Assets/Lvl4/MountainBackgroundImages/Mount pack/Prefabs/TREE A.prefab
  artifactKey: Guid(100f323a32a4383449d424f52ac96478) Importer(815301076,1909f56bfc062723c751e8b465ee728b)
Start importing Assets/Lvl4/MountainBackgroundImages/Mount pack/Prefabs/TREE A.prefab using Guid(100f323a32a4383449d424f52ac96478) Importer(815301076,1909f56bfc062723c751e8b465ee728b)  -> (artifact id: 'f5809d87bb023cc136569208c65bf380') in 0.132550 seconds 
  Import took 0.141347 seconds .

========================================================================
Received Import Request.
  Time since last request: 0.000489 seconds.
  path: Assets/Lvl4/MountainBackgroundImages/Mount pack/Prefabs/Mound and clouds B.prefab
  artifactKey: Guid(2bbf818d16f662342b5a3f1165d3d3a4) Importer(815301076,1909f56bfc062723c751e8b465ee728b)
Start importing Assets/Lvl4/MountainBackgroundImages/Mount pack/Prefabs/Mound and clouds B.prefab using Guid(2bbf818d16f662342b5a3f1165d3d3a4) Importer(815301076,1909f56bfc062723c751e8b465ee728b)  -> (artifact id: '2463be86df0b870042b6d6ce7995b34e') in 0.347093 seconds 
  Import took 0.359667 seconds .

========================================================================
Received Import Request.
  Time since last request: 0.000589 seconds.
  path: Packages/com.unity.2d.spriteshape/Editor/ObjectMenuCreation/DefaultAssets/Sprite Shapes/Open Sprite Shape.prefab
  artifactKey: Guid(86ae7de409eb54f619fb1328e4d42480) Importer(815301076,1909f56bfc062723c751e8b465ee728b)
Start importing Packages/com.unity.2d.spriteshape/Editor/ObjectMenuCreation/DefaultAssets/Sprite Shapes/Open Sprite Shape.prefab using Guid(86ae7de409eb54f619fb1328e4d42480) Importer(815301076,1909f56bfc062723c751e8b465ee728b)  -> (artifact id: 'c78a7b90d603d0a33c7b4e3280488626') in 0.062224 seconds 
  Import took 0.066197 seconds .

========================================================================
Received Import Request.
  Time since last request: 0.000271 seconds.
  path: Assets/Lvl4/MountainBackgroundImages/Mount pack/Prefabs/Danger spikes.prefab
  artifactKey: Guid(39af3e48027b032429b49a9a5fee9a90) Importer(815301076,1909f56bfc062723c751e8b465ee728b)
Start importing Assets/Lvl4/MountainBackgroundImages/Mount pack/Prefabs/Danger spikes.prefab using Guid(39af3e48027b032429b49a9a5fee9a90) Importer(815301076,1909f56bfc062723c751e8b465ee728b)  -> (artifact id: '50069a6ec3a39a48df5fd7453a826b0e') in 0.040356 seconds 
  Import took 0.046354 seconds .

========================================================================
Received Import Request.
  Time since last request: 0.000385 seconds.
  path: Assets/Lvl4/MountainBackgroundImages/Mount pack/Prefabs/Door.prefab
  artifactKey: Guid(bb0d7ff5fdbc9204f9fc14ed291557cd) Importer(815301076,1909f56bfc062723c751e8b465ee728b)
Start importing Assets/Lvl4/MountainBackgroundImages/Mount pack/Prefabs/Door.prefab using Guid(bb0d7ff5fdbc9204f9fc14ed291557cd) Importer(815301076,1909f56bfc062723c751e8b465ee728b)  -> (artifact id: '4ee8295444d13fc6a8558c7799177615') in 0.054456 seconds 
  Import took 0.061850 seconds .

========================================================================
Received Import Request.
  Time since last request: 0.000302 seconds.
  path: Assets/Lvl4/MountainBackgroundImages/Mount pack/Prefabs/Platform.prefab
  artifactKey: Guid(74409b89c28e4bf42af73cc470804917) Importer(815301076,1909f56bfc062723c751e8b465ee728b)
Start importing Assets/Lvl4/MountainBackgroundImages/Mount pack/Prefabs/Platform.prefab using Guid(74409b89c28e4bf42af73cc470804917) Importer(815301076,1909f56bfc062723c751e8b465ee728b)  -> (artifact id: 'bbf0775b743235a9d61eaf519522ad9c') in 0.041135 seconds 
  Import took 0.046882 seconds .

========================================================================
Received Import Request.
  Time since last request: 0.000327 seconds.
  path: Assets/Lvl4/MountainBackgroundImages/Mount pack/Prefabs/TREE C.prefab
  artifactKey: Guid(35a24bbd43bdf3343ac852077d9c1528) Importer(815301076,1909f56bfc062723c751e8b465ee728b)
Start importing Assets/Lvl4/MountainBackgroundImages/Mount pack/Prefabs/TREE C.prefab using Guid(35a24bbd43bdf3343ac852077d9c1528) Importer(815301076,1909f56bfc062723c751e8b465ee728b)  -> (artifact id: '45ecf8a50d8d92fdd6036fb24ae9a83b') in 0.104062 seconds 
  Import took 0.114064 seconds .

========================================================================
Received Import Request.
  Time since last request: 0.000292 seconds.
  path: Assets/Lvl2/DesertTiles(ThisOne)/Tiles1/Lvl2_DesertPalette.prefab
  artifactKey: Guid(13c2857a78619774f9203c0aaf6ace2b) Importer(815301076,1909f56bfc062723c751e8b465ee728b)
Start importing Assets/Lvl2/DesertTiles(ThisOne)/Tiles1/Lvl2_DesertPalette.prefab using Guid(13c2857a78619774f9203c0aaf6ace2b) Importer(815301076,1909f56bfc062723c751e8b465ee728b)  -> (artifact id: '730fa591866ada924d2dc47092f009c8') in 0.036446 seconds 
  Import took 0.041891 seconds .

========================================================================
Received Import Request.
  Time since last request: 0.000324 seconds.
  path: Assets/Lvl1/Coins_Palette.prefab
  artifactKey: Guid(f30411b144475aa4fb165b69c1990b92) Importer(815301076,1909f56bfc062723c751e8b465ee728b)
Start importing Assets/Lvl1/Coins_Palette.prefab using Guid(f30411b144475aa4fb165b69c1990b92) Importer(815301076,1909f56bfc062723c751e8b465ee728b)  -> (artifact id: '83993d95a36777986ab7127859dc2fd2') in 0.031002 seconds 
  Import took 0.036552 seconds .

========================================================================
Received Import Request.
  Time since last request: 0.000366 seconds.
  path: Assets/Lvl2/DesertTiles(ThisOne)/Tiles1/DesertTileset2.prefab
  artifactKey: Guid(440429fb754a2a0439c35698ac46ba99) Importer(815301076,1909f56bfc062723c751e8b465ee728b)
Start importing Assets/Lvl2/DesertTiles(ThisOne)/Tiles1/DesertTileset2.prefab using Guid(440429fb754a2a0439c35698ac46ba99) Importer(815301076,1909f56bfc062723c751e8b465ee728b)  -> (artifact id: 'c1fe45633f37b20b2ef3a40faaac334b') in 0.030030 seconds 
  Import took 0.034595 seconds .

========================================================================
Received Import Request.
  Time since last request: 0.000318 seconds.
  path: Assets/Lvl2/DesertTiles(ThisOne)/Tiles1/DesertTileset1.prefab
  artifactKey: Guid(7a3d156f5f4aed84594b4b2da2557285) Importer(815301076,1909f56bfc062723c751e8b465ee728b)
Start importing Assets/Lvl2/DesertTiles(ThisOne)/Tiles1/DesertTileset1.prefab using Guid(7a3d156f5f4aed84594b4b2da2557285) Importer(815301076,1909f56bfc062723c751e8b465ee728b)  -> (artifact id: '489f9ae742213f48ada975df0f51e88f') in 0.035048 seconds 
  Import took 0.039696 seconds .

========================================================================
Received Import Request.
  Time since last request: 0.000283 seconds.
  path: Assets/Lvl4/MountainBackgroundImages/Mount pack/Prefabs/TREE B.prefab
  artifactKey: Guid(ea667518703b86a40a2032e65ee9e68e) Importer(815301076,1909f56bfc062723c751e8b465ee728b)
Start importing Assets/Lvl4/MountainBackgroundImages/Mount pack/Prefabs/TREE B.prefab using Guid(ea667518703b86a40a2032e65ee9e68e) Importer(815301076,1909f56bfc062723c751e8b465ee728b)  -> (artifact id: '45a6a15311df2bc07dc2a652da33080d') in 0.094098 seconds 
  Import took 0.104503 seconds .

========================================================================
Received Import Request.
  Time since last request: 0.000519 seconds.
  path: Assets/Lvl4/MountainBackgroundImages/Mount pack/Prefabs/Cube.prefab
  artifactKey: Guid(6e57a25c18525004fa1c7342cab9610e) Importer(815301076,1909f56bfc062723c751e8b465ee728b)
Start importing Assets/Lvl4/MountainBackgroundImages/Mount pack/Prefabs/Cube.prefab using Guid(6e57a25c18525004fa1c7342cab9610e) Importer(815301076,1909f56bfc062723c751e8b465ee728b)  -> (artifact id: 'ee90c2c6b2a89a5f0695d8005c8d1641') in 0.038915 seconds 
  Import took 0.044540 seconds .

========================================================================
Received Import Request.
  Time since last request: 0.000304 seconds.
  path: Assets/Lvl4/MountainBackgroundImages/Mount pack/Prefabs/Element.prefab
  artifactKey: Guid(8648731bae0e6c941b39a012d96f1bf3) Importer(815301076,1909f56bfc062723c751e8b465ee728b)
Start importing Assets/Lvl4/MountainBackgroundImages/Mount pack/Prefabs/Element.prefab using Guid(8648731bae0e6c941b39a012d96f1bf3) Importer(815301076,1909f56bfc062723c751e8b465ee728b)  -> (artifact id: 'a6a66bf1e65b4fe7925926efaa927859') in 0.038476 seconds 
  Import took 0.043070 seconds .

========================================================================
Received Import Request.
  Time since last request: 0.000315 seconds.
  path: Assets/Lvl2/DesertTiles(ThisOne)/Tiles1/DesertTileset.prefab
  artifactKey: Guid(0e3857875c188b64c82782e8f8dd36eb) Importer(815301076,1909f56bfc062723c751e8b465ee728b)
Start importing Assets/Lvl2/DesertTiles(ThisOne)/Tiles1/DesertTileset.prefab using Guid(0e3857875c188b64c82782e8f8dd36eb) Importer(815301076,1909f56bfc062723c751e8b465ee728b)  -> (artifact id: 'b39fc8dc787f1afbaeacd11e31608817') in 0.210504 seconds 
  Import took 0.217492 seconds .

========================================================================
Received Import Request.
  Time since last request: 0.000504 seconds.
  path: Assets/Lvl4/Lava_Tileset/Lvl4_VolcanoPalette.prefab
  artifactKey: Guid(0d669199718808f4db8f3de6467d3e28) Importer(815301076,1909f56bfc062723c751e8b465ee728b)
Start importing Assets/Lvl4/Lava_Tileset/Lvl4_VolcanoPalette.prefab using Guid(0d669199718808f4db8f3de6467d3e28) Importer(815301076,1909f56bfc062723c751e8b465ee728b)  -> (artifact id: '1ac7571dcebd51edcbeb7c25a64349ad') in 0.093818 seconds 
  Import took 0.101609 seconds .

========================================================================
Received Import Request.
  Time since last request: 0.000436 seconds.
  path: Assets/Lvl4/MountainBackgroundImages/Mount pack/Prefabs/simple platform.prefab
  artifactKey: Guid(d0ad4a4945a8ab046860d997500dd063) Importer(815301076,1909f56bfc062723c751e8b465ee728b)
Start importing Assets/Lvl4/MountainBackgroundImages/Mount pack/Prefabs/simple platform.prefab using Guid(d0ad4a4945a8ab046860d997500dd063) Importer(815301076,1909f56bfc062723c751e8b465ee728b)  -> (artifact id: '54c37384c460ef1615843029191977f7') in 0.032550 seconds 
  Import took 0.037560 seconds .

========================================================================
Received Import Request.
  Time since last request: 0.000295 seconds.
  path: Assets/Lvl4/MountainBackgroundImages/Mount pack/Prefabs/Stone element.prefab
  artifactKey: Guid(46b81afcf8a3ec4438e75ae192328b0f) Importer(815301076,1909f56bfc062723c751e8b465ee728b)
Start importing Assets/Lvl4/MountainBackgroundImages/Mount pack/Prefabs/Stone element.prefab using Guid(46b81afcf8a3ec4438e75ae192328b0f) Importer(815301076,1909f56bfc062723c751e8b465ee728b)  -> (artifact id: '0fde9c35f1aba5d9b87ccf7d87bebe72') in 0.046463 seconds 
  Import took 0.050565 seconds .

========================================================================
Received Import Request.
  Time since last request: 565.376310 seconds.
  path: Assets/Scripts/Prologue_Epilogue_Behavior-DESKTOP-9VCF7CV.cs
  artifactKey: Guid(12b42117ef908c44a8d01b0f98d91470) Importer(815301076,1909f56bfc062723c751e8b465ee728b)
Start importing Assets/Scripts/Prologue_Epilogue_Behavior-DESKTOP-9VCF7CV.cs using Guid(12b42117ef908c44a8d01b0f98d91470) Importer(815301076,1909f56bfc062723c751e8b465ee728b)  -> (artifact id: 'ad7148064a2545769816fbf645485765') in 0.272301 seconds 
  Import took 0.296578 seconds .

========================================================================
Received Prepare
Registering precompiled user dll's ...
Registered in 0.009003 seconds.
Begin MonoManager ReloadAssembly
Native extension for WindowsStandalone target not found
Refreshing native plugins compatible for Editor in 3.09 ms, found 3 plugins.
Preloading 0 native plugins for Editor in 0.00 ms.
Mono: successfully reloaded assembly
- Completed reload, in  8.025 seconds
Domain Reload Profiling:
	ReloadAssembly (8078ms)
		BeginReloadAssembly (4220ms)
			ExecutionOrderSort (0ms)
			DisableScriptedObjects (80ms)
			BackupInstance (0ms)
			ReleaseScriptingObjects (0ms)
			CreateAndSetChildDomain (1038ms)
		EndReloadAssembly (3489ms)
			LoadAssemblies (2199ms)
			RebuildTransferFunctionScriptingTraits (0ms)
			SetupTypeCache (1063ms)
			ReleaseScriptCaches (4ms)
			RebuildScriptCaches (148ms)
			SetupLoadedEditorAssemblies (1540ms)
				LogAssemblyErrors (0ms)
				InitializePlatformSupportModulesInManaged (20ms)
				SetLoadedEditorAssemblies (3ms)
				RefreshPlugins (3ms)
				BeforeProcessingInitializeOnLoad (441ms)
				ProcessInitializeOnLoadAttributes (883ms)
				ProcessInitializeOnLoadMethodAttributes (164ms)
				AfterProcessingInitializeOnLoad (25ms)
				EditorAssembliesLoaded (1ms)
			ExecutionOrderSort2 (0ms)
			AwakeInstancesAfterBackupRestoration (52ms)
Platform modules already initialized, skipping
Refreshing native plugins compatible for Editor in 0.79 ms, found 3 plugins.
Preloading 0 native plugins for Editor in 0.00 ms.
Unloading 2229 Unused Serialized files (Serialized files now loaded: 0)
System memory in use before: 104.3 MB.
System memory in use after: 104.5 MB.

Unloading 17 unused Assets to reduce memory usage. Loaded Objects now: 2739.
Total: 4.701900 ms (FindLiveObjects: 0.312500 ms CreateObjectMapping: 0.162800 ms MarkObjects: 4.179800 ms  DeleteObjects: 0.043600 ms)

AssetImportParameters requested are different than current active one (requested -> active):
  custom:framework-win-MediaFoundation: 216162199b28c13a410421893ffa2e32 -> 
  custom:video-decoder-ogg-theora: a1e56fd34408186e4bbccfd4996cb3dc -> 
  custom:container-muxer-webm: aa71ff27fc2769a1b78a27578f13a17b -> 
  custom:container-demuxer-webm: 4f35f7cbe854078d1ac9338744f61a02 -> 
  custom:container-demuxer-ogg: 62fdf1f143b41e24485cea50d1cbac27 -> 
  custom:video-encoder-webm-vp8: eb34c28f22e8b96e1ab97ce403110664 -> 
  custom:video-codec-MediaFoundation-h265: 746d11721c4dcdbdad8f713fa42b33f4 -> 
  custom:video-decoder-webm-vp8: 9c59270c3fd7afecdb556c50c9e8de78 -> 
  custom:audio-decoder-ogg-vorbis: bf7c407c2cedff20999df2af8eb42d56 -> 
  custom:audio-encoder-webm-vorbis: bf7c407c2cedff20999df2af8eb42d56 -> 
========================================================================
Received Prepare
Refreshing native plugins compatible for Editor in 12.27 ms, found 3 plugins.
Preloading 0 native plugins for Editor in 0.00 ms.
Unloading 12 Unused Serialized files (Serialized files now loaded: 0)
System memory in use before: 59.5 MB.
System memory in use after: 59.7 MB.

Unloading 12 unused Assets to reduce memory usage. Loaded Objects now: 2739.
Total: 3.322000 ms (FindLiveObjects: 0.194200 ms CreateObjectMapping: 0.091000 ms MarkObjects: 3.005400 ms  DeleteObjects: 0.030100 ms)

AssetImportParameters requested are different than current active one (requested -> active):
  custom:framework-win-MediaFoundation: 216162199b28c13a410421893ffa2e32 -> 
  custom:video-decoder-ogg-theora: a1e56fd34408186e4bbccfd4996cb3dc -> 
  custom:container-muxer-webm: aa71ff27fc2769a1b78a27578f13a17b -> 
  custom:container-demuxer-webm: 4f35f7cbe854078d1ac9338744f61a02 -> 
  custom:container-demuxer-ogg: 62fdf1f143b41e24485cea50d1cbac27 -> 
  custom:video-encoder-webm-vp8: eb34c28f22e8b96e1ab97ce403110664 -> 
  custom:video-codec-MediaFoundation-h265: 746d11721c4dcdbdad8f713fa42b33f4 -> 
  custom:video-decoder-webm-vp8: 9c59270c3fd7afecdb556c50c9e8de78 -> 
  custom:audio-decoder-ogg-vorbis: bf7c407c2cedff20999df2af8eb42d56 -> 
  custom:audio-encoder-webm-vorbis: bf7c407c2cedff20999df2af8eb42d56 -> 
========================================================================
Received Import Request.
  Time since last request: 1624.641744 seconds.
  path: Assets/AdventureLytical_Icon.png
  artifactKey: Guid(593d3514b297f4f4eb43438035e52cec) Importer(815301076,1909f56bfc062723c751e8b465ee728b)
Start importing Assets/AdventureLytical_Icon.png using Guid(593d3514b297f4f4eb43438035e52cec) Importer(815301076,1909f56bfc062723c751e8b465ee728b)  -> (artifact id: '563113ef9e8b5fa86cad4266d69e4b22') in 0.495210 seconds 
  Import took 0.701067 seconds .

========================================================================
Received Import Request.
  Time since last request: 73.616012 seconds.
  path: Assets/AdventureLytical_Icon.png
  artifactKey: Guid(593d3514b297f4f4eb43438035e52cec) Importer(815301076,1909f56bfc062723c751e8b465ee728b)
Start importing Assets/AdventureLytical_Icon.png using Guid(593d3514b297f4f4eb43438035e52cec) Importer(815301076,1909f56bfc062723c751e8b465ee728b)  -> (artifact id: '72dd1b18c01346fb70342c641c863db9') in 0.034870 seconds 
  Import took 0.043998 seconds .

========================================================================
Received Prepare
Registering precompiled user dll's ...
Registered in 0.016489 seconds.
Begin MonoManager ReloadAssembly
Native extension for WindowsStandalone target not found
Refreshing native plugins compatible for Editor in 2.05 ms, found 3 plugins.
Preloading 0 native plugins for Editor in 0.00 ms.
Mono: successfully reloaded assembly
- Completed reload, in  4.361 seconds
Domain Reload Profiling:
	ReloadAssembly (4365ms)
		BeginReloadAssembly (876ms)
			ExecutionOrderSort (0ms)
			DisableScriptedObjects (96ms)
			BackupInstance (0ms)
			ReleaseScriptingObjects (0ms)
			CreateAndSetChildDomain (509ms)
		EndReloadAssembly (3216ms)
			LoadAssemblies (301ms)
			RebuildTransferFunctionScriptingTraits (0ms)
			SetupTypeCache (1070ms)
			ReleaseScriptCaches (2ms)
			RebuildScriptCaches (290ms)
			SetupLoadedEditorAssemblies (837ms)
				LogAssemblyErrors (0ms)
				InitializePlatformSupportModulesInManaged (18ms)
				SetLoadedEditorAssemblies (3ms)
				RefreshPlugins (2ms)
				BeforeProcessingInitializeOnLoad (267ms)
				ProcessInitializeOnLoadAttributes (492ms)
				ProcessInitializeOnLoadMethodAttributes (36ms)
				AfterProcessingInitializeOnLoad (19ms)
				EditorAssembliesLoaded (0ms)
			ExecutionOrderSort2 (0ms)
			AwakeInstancesAfterBackupRestoration (25ms)
Platform modules already initialized, skipping
Refreshing native plugins compatible for Editor in 1.20 ms, found 3 plugins.
Preloading 0 native plugins for Editor in 0.00 ms.
Unloading 2229 Unused Serialized files (Serialized files now loaded: 0)
System memory in use before: 104.4 MB.
System memory in use after: 104.6 MB.

Unloading 14 unused Assets to reduce memory usage. Loaded Objects now: 2746.
Total: 10.401900 ms (FindLiveObjects: 0.404800 ms CreateObjectMapping: 0.189000 ms MarkObjects: 9.721600 ms  DeleteObjects: 0.083200 ms)

AssetImportParameters requested are different than current active one (requested -> active):
  custom:framework-win-MediaFoundation: 216162199b28c13a410421893ffa2e32 -> 
  custom:video-decoder-ogg-theora: a1e56fd34408186e4bbccfd4996cb3dc -> 
  custom:container-muxer-webm: aa71ff27fc2769a1b78a27578f13a17b -> 
  custom:container-demuxer-webm: 4f35f7cbe854078d1ac9338744f61a02 -> 
  custom:container-demuxer-ogg: 62fdf1f143b41e24485cea50d1cbac27 -> 
  custom:video-encoder-webm-vp8: eb34c28f22e8b96e1ab97ce403110664 -> 
  custom:video-codec-MediaFoundation-h265: 746d11721c4dcdbdad8f713fa42b33f4 -> 
  custom:video-decoder-webm-vp8: 9c59270c3fd7afecdb556c50c9e8de78 -> 
  custom:audio-decoder-ogg-vorbis: bf7c407c2cedff20999df2af8eb42d56 -> 
  custom:audio-encoder-webm-vorbis: bf7c407c2cedff20999df2af8eb42d56 -> 
========================================================================
Received Prepare
Refreshing native plugins compatible for Editor in 21.98 ms, found 3 plugins.
Preloading 0 native plugins for Editor in 0.00 ms.
Unloading 12 Unused Serialized files (Serialized files now loaded: 0)
System memory in use before: 59.6 MB.
System memory in use after: 59.8 MB.

Unloading 12 unused Assets to reduce memory usage. Loaded Objects now: 2746.
Total: 4.957500 ms (FindLiveObjects: 0.247700 ms CreateObjectMapping: 0.126000 ms MarkObjects: 4.552500 ms  DeleteObjects: 0.029000 ms)

AssetImportParameters requested are different than current active one (requested -> active):
  custom:framework-win-MediaFoundation: 216162199b28c13a410421893ffa2e32 -> 
  custom:video-decoder-ogg-theora: a1e56fd34408186e4bbccfd4996cb3dc -> 
  custom:container-muxer-webm: aa71ff27fc2769a1b78a27578f13a17b -> 
  custom:container-demuxer-webm: 4f35f7cbe854078d1ac9338744f61a02 -> 
  custom:container-demuxer-ogg: 62fdf1f143b41e24485cea50d1cbac27 -> 
  custom:video-encoder-webm-vp8: eb34c28f22e8b96e1ab97ce403110664 -> 
  custom:video-codec-MediaFoundation-h265: 746d11721c4dcdbdad8f713fa42b33f4 -> 
  custom:video-decoder-webm-vp8: 9c59270c3fd7afecdb556c50c9e8de78 -> 
  custom:audio-decoder-ogg-vorbis: bf7c407c2cedff20999df2af8eb42d56 -> 
  custom:audio-encoder-webm-vorbis: bf7c407c2cedff20999df2af8eb42d56 -> 
========================================================================
Received Prepare
Refreshing native plugins compatible for Editor in 12.22 ms, found 3 plugins.
Preloading 0 native plugins for Editor in 0.00 ms.
Unloading 12 Unused Serialized files (Serialized files now loaded: 0)
System memory in use before: 59.6 MB.
System memory in use after: 59.8 MB.

Unloading 12 unused Assets to reduce memory usage. Loaded Objects now: 2746.
Total: 10.190100 ms (FindLiveObjects: 0.212000 ms CreateObjectMapping: 0.100100 ms MarkObjects: 9.842200 ms  DeleteObjects: 0.033500 ms)

AssetImportParameters requested are different than current active one (requested -> active):
  custom:framework-win-MediaFoundation: 216162199b28c13a410421893ffa2e32 -> 
  custom:video-decoder-ogg-theora: a1e56fd34408186e4bbccfd4996cb3dc -> 
  custom:container-muxer-webm: aa71ff27fc2769a1b78a27578f13a17b -> 
  custom:container-demuxer-webm: 4f35f7cbe854078d1ac9338744f61a02 -> 
  custom:container-demuxer-ogg: 62fdf1f143b41e24485cea50d1cbac27 -> 
  custom:video-encoder-webm-vp8: eb34c28f22e8b96e1ab97ce403110664 -> 
  custom:video-codec-MediaFoundation-h265: 746d11721c4dcdbdad8f713fa42b33f4 -> 
  custom:video-decoder-webm-vp8: 9c59270c3fd7afecdb556c50c9e8de78 -> 
  custom:audio-decoder-ogg-vorbis: bf7c407c2cedff20999df2af8eb42d56 -> 
  custom:audio-encoder-webm-vorbis: bf7c407c2cedff20999df2af8eb42d56 -> 
AssetImportWorkerClient::OnTransportError - code=2 error=End of file
